[2m2020-11-30 17:12:38.188[0;39m [32m INFO[0;39m [35m17252[0;39m [2m---[0;39m [2m[           main][0;39m [36mc.b.l.LocationserviceApplication        [0;39m [2m:[0;39m Starting LocationserviceApplication on jtwm with PID 17252 (E:\locationservice\target\classes started by pc in E:\locationservice)
[2m2020-11-30 17:12:38.195[0;39m [32mDEBUG[0;39m [35m17252[0;39m [2m---[0;39m [2m[           main][0;39m [36mc.b.l.LocationserviceApplication        [0;39m [2m:[0;39m Running with Spring Boot v2.1.4.RELEASE, Spring v5.1.6.RELEASE
[2m2020-11-30 17:12:38.195[0;39m [32m INFO[0;39m [35m17252[0;39m [2m---[0;39m [2m[           main][0;39m [36mc.b.l.LocationserviceApplication        [0;39m [2m:[0;39m The following profiles are active: dev
[2m2020-11-30 17:12:39.924[0;39m [32m INFO[0;39m [35m17252[0;39m [2m---[0;39m [2m[           main][0;39m [36mo.a.c.h.Http11NioProtocol               [0;39m [2m:[0;39m Initializing ProtocolHandler ["http-nio-8888"]
[2m2020-11-30 17:12:39.963[0;39m [32m INFO[0;39m [35m17252[0;39m [2m---[0;39m [2m[           main][0;39m [36mo.a.c.c.StandardService                 [0;39m [2m:[0;39m Starting service [Tomcat]
[2m2020-11-30 17:12:39.963[0;39m [32m INFO[0;39m [35m17252[0;39m [2m---[0;39m [2m[           main][0;39m [36mo.a.c.c.StandardEngine                  [0;39m [2m:[0;39m Starting Servlet engine: [Apache Tomcat/9.0.17]
[2m2020-11-30 17:12:40.065[0;39m [32m INFO[0;39m [35m17252[0;39m [2m---[0;39m [2m[           main][0;39m [36mo.a.c.c.C.[.[.[/]                       [0;39m [2m:[0;39m Initializing Spring embedded WebApplicationContext
[2m2020-11-30 17:12:40.130[0;39m [32mDEBUG[0;39m [35m17252[0;39m [2m---[0;39m [2m[           main][0;39m [36mc.b.l.f.JWTAuthenticationTokenFilter    [0;39m [2m:[0;39m Filter 'JWTAuthenticationTokenFilter' configured for use
[2m2020-11-30 17:12:40.657[0;39m [32m INFO[0;39m [35m17252[0;39m [2m---[0;39m [2m[           main][0;39m [36mc.a.d.p.DruidDataSource                 [0;39m [2m:[0;39m {dataSource-1} inited
[2m2020-11-30 17:12:40.706[0;39m [32m INFO[0;39m [35m17252[0;39m [2m---[0;39m [2m[           main][0;39m [36mo.q.i.StdSchedulerFactory               [0;39m [2m:[0;39m Using default implementation for ThreadExecutor
[2m2020-11-30 17:12:40.708[0;39m [32m INFO[0;39m [35m17252[0;39m [2m---[0;39m [2m[           main][0;39m [36mo.q.s.SimpleThreadPool                  [0;39m [2m:[0;39m Job execution threads will use class loader of thread: main
[2m2020-11-30 17:12:40.716[0;39m [32m INFO[0;39m [35m17252[0;39m [2m---[0;39m [2m[           main][0;39m [36mo.q.c.SchedulerSignalerImpl             [0;39m [2m:[0;39m Initialized Scheduler Signaller of type: class org.quartz.core.SchedulerSignalerImpl
[2m2020-11-30 17:12:40.716[0;39m [32m INFO[0;39m [35m17252[0;39m [2m---[0;39m [2m[           main][0;39m [36mo.q.c.QuartzScheduler                   [0;39m [2m:[0;39m Quartz Scheduler v.2.3.1 created.
[2m2020-11-30 17:12:40.723[0;39m [32m INFO[0;39m [35m17252[0;39m [2m---[0;39m [2m[           main][0;39m [36mo.q.c.QuartzScheduler                   [0;39m [2m:[0;39m Scheduler meta-data: Quartz Scheduler (v2.3.1) 'clusteredScheduler' with instanceId 'NON_CLUSTERED'
  Scheduler class: 'org.quartz.core.QuartzScheduler' - running locally.
  NOT STARTED.
  Currently in standby mode.
  Number of jobs executed: 0
  Using thread pool 'org.quartz.simpl.SimpleThreadPool' - with 10 threads.
  Using job-store 'org.springframework.scheduling.quartz.LocalDataSourceJobStore' - which supports persistence. and is not clustered.

[2m2020-11-30 17:12:40.723[0;39m [32m INFO[0;39m [35m17252[0;39m [2m---[0;39m [2m[           main][0;39m [36mo.q.i.StdSchedulerFactory               [0;39m [2m:[0;39m Quartz scheduler 'clusteredScheduler' initialized from an externally provided properties instance.
[2m2020-11-30 17:12:40.723[0;39m [32m INFO[0;39m [35m17252[0;39m [2m---[0;39m [2m[           main][0;39m [36mo.q.i.StdSchedulerFactory               [0;39m [2m:[0;39m Quartz scheduler version: 2.3.1
[2m2020-11-30 17:12:40.724[0;39m [32m INFO[0;39m [35m17252[0;39m [2m---[0;39m [2m[           main][0;39m [36mo.q.c.QuartzScheduler                   [0;39m [2m:[0;39m JobFactory set to: org.springframework.scheduling.quartz.SpringBeanJobFactory@91530d
[2m2020-11-30 17:12:41.403[0;39m [32m INFO[0;39m [35m17252[0;39m [2m---[0;39m [2m[           main][0;39m [36md.s.w.p.DocumentationPluginsBootstrapper[0;39m [2m:[0;39m Context refreshed
[2m2020-11-30 17:12:41.416[0;39m [32m INFO[0;39m [35m17252[0;39m [2m---[0;39m [2m[           main][0;39m [36md.s.w.p.DocumentationPluginsBootstrapper[0;39m [2m:[0;39m Found 1 custom documentation plugin(s)
[2m2020-11-30 17:12:41.423[0;39m [32m INFO[0;39m [35m17252[0;39m [2m---[0;39m [2m[           main][0;39m [36ms.d.s.w.s.ApiListingReferenceScanner    [0;39m [2m:[0;39m Scanning for api listing references
[2m2020-11-30 17:12:41.488[0;39m [33m WARN[0;39m [35m17252[0;39m [2m---[0;39m [2m[           main][0;39m [36md.s.r.o.OperationImplicitParameterReader[0;39m [2m:[0;39m Coercing to be of type string. This may not even be a scalar type in actuality
[2m2020-11-30 17:12:41.489[0;39m [33m WARN[0;39m [35m17252[0;39m [2m---[0;39m [2m[           main][0;39m [36md.s.r.o.OperationImplicitParameterReader[0;39m [2m:[0;39m Coercing to be of type string. This may not even be a scalar type in actuality
[2m2020-11-30 17:12:41.489[0;39m [33m WARN[0;39m [35m17252[0;39m [2m---[0;39m [2m[           main][0;39m [36md.s.r.o.OperationImplicitParameterReader[0;39m [2m:[0;39m Coercing to be of type string. This may not even be a scalar type in actuality
[2m2020-11-30 17:12:41.519[0;39m [33m WARN[0;39m [35m17252[0;39m [2m---[0;39m [2m[           main][0;39m [36md.s.r.o.OperationImplicitParameterReader[0;39m [2m:[0;39m Coercing to be of type string. This may not even be a scalar type in actuality
[2m2020-11-30 17:12:41.519[0;39m [33m WARN[0;39m [35m17252[0;39m [2m---[0;39m [2m[           main][0;39m [36md.s.r.o.OperationImplicitParameterReader[0;39m [2m:[0;39m Coercing to be of type string. This may not even be a scalar type in actuality
[2m2020-11-30 17:12:41.522[0;39m [33m WARN[0;39m [35m17252[0;39m [2m---[0;39m [2m[           main][0;39m [36md.s.r.o.OperationImplicitParameterReader[0;39m [2m:[0;39m Coercing to be of type string. This may not even be a scalar type in actuality
[2m2020-11-30 17:12:41.526[0;39m [33m WARN[0;39m [35m17252[0;39m [2m---[0;39m [2m[           main][0;39m [36md.s.r.o.OperationImplicitParameterReader[0;39m [2m:[0;39m Coercing to be of type string. This may not even be a scalar type in actuality
[2m2020-11-30 17:12:41.532[0;39m [33m WARN[0;39m [35m17252[0;39m [2m---[0;39m [2m[           main][0;39m [36md.s.r.o.OperationImplicitParameterReader[0;39m [2m:[0;39m Coercing to be of type string. This may not even be a scalar type in actuality
[2m2020-11-30 17:12:41.534[0;39m [33m WARN[0;39m [35m17252[0;39m [2m---[0;39m [2m[           main][0;39m [36md.s.r.o.OperationImplicitParameterReader[0;39m [2m:[0;39m Coercing to be of type string. This may not even be a scalar type in actuality
[2m2020-11-30 17:12:41.536[0;39m [33m WARN[0;39m [35m17252[0;39m [2m---[0;39m [2m[           main][0;39m [36md.s.r.o.OperationImplicitParameterReader[0;39m [2m:[0;39m Coercing to be of type string. This may not even be a scalar type in actuality
[2m2020-11-30 17:12:41.536[0;39m [33m WARN[0;39m [35m17252[0;39m [2m---[0;39m [2m[           main][0;39m [36md.s.r.o.OperationImplicitParameterReader[0;39m [2m:[0;39m Coercing to be of type string. This may not even be a scalar type in actuality
[2m2020-11-30 17:12:41.538[0;39m [33m WARN[0;39m [35m17252[0;39m [2m---[0;39m [2m[           main][0;39m [36md.s.r.o.OperationImplicitParameterReader[0;39m [2m:[0;39m Coercing to be of type string. This may not even be a scalar type in actuality
[2m2020-11-30 17:12:41.540[0;39m [33m WARN[0;39m [35m17252[0;39m [2m---[0;39m [2m[           main][0;39m [36md.s.r.o.OperationImplicitParameterReader[0;39m [2m:[0;39m Coercing to be of type string. This may not even be a scalar type in actuality
[2m2020-11-30 17:12:41.540[0;39m [33m WARN[0;39m [35m17252[0;39m [2m---[0;39m [2m[           main][0;39m [36md.s.r.o.OperationImplicitParameterReader[0;39m [2m:[0;39m Coercing to be of type string. This may not even be a scalar type in actuality
[2m2020-11-30 17:12:41.542[0;39m [33m WARN[0;39m [35m17252[0;39m [2m---[0;39m [2m[           main][0;39m [36md.s.r.o.OperationImplicitParameterReader[0;39m [2m:[0;39m Coercing to be of type string. This may not even be a scalar type in actuality
[2m2020-11-30 17:12:41.542[0;39m [33m WARN[0;39m [35m17252[0;39m [2m---[0;39m [2m[           main][0;39m [36md.s.r.o.OperationImplicitParameterReader[0;39m [2m:[0;39m Coercing to be of type string. This may not even be a scalar type in actuality
[2m2020-11-30 17:12:41.544[0;39m [33m WARN[0;39m [35m17252[0;39m [2m---[0;39m [2m[           main][0;39m [36md.s.r.o.OperationImplicitParameterReader[0;39m [2m:[0;39m Coercing to be of type string. This may not even be a scalar type in actuality
[2m2020-11-30 17:12:41.544[0;39m [33m WARN[0;39m [35m17252[0;39m [2m---[0;39m [2m[           main][0;39m [36md.s.r.o.OperationImplicitParameterReader[0;39m [2m:[0;39m Coercing to be of type string. This may not even be a scalar type in actuality
[2m2020-11-30 17:12:41.556[0;39m [32m INFO[0;39m [35m17252[0;39m [2m---[0;39m [2m[           main][0;39m [36mo.a.c.h.Http11NioProtocol               [0;39m [2m:[0;39m Starting ProtocolHandler ["http-nio-8888"]
[2m2020-11-30 17:12:41.574[0;39m [32m INFO[0;39m [35m17252[0;39m [2m---[0;39m [2m[           main][0;39m [36mc.b.l.LocationserviceApplication        [0;39m [2m:[0;39m Started LocationserviceApplication in 4.278 seconds (JVM running for 5.949)
[2m2020-11-30 17:12:41.575[0;39m [32m INFO[0;39m [35m17252[0;39m [2m---[0;39m [2m[           main][0;39m [36mc.b.l.R.MyApplicationRunner             [0;39m [2m:[0;39m --MyApplicationRunner--
[2m2020-11-30 17:12:41.576[0;39m [32m INFO[0;39m [35m17252[0;39m [2m---[0;39m [2m[           main][0;39m [36mc.b.l.R.MyApplicationRunner             [0;39m [2m:[0;39m jobå­˜å‚¨æ–¹å¼ï¼šjdbc
[2m2020-11-30 17:12:41.707[0;39m [32m INFO[0;39m [35m17252[0;39m [2m---[0;39m [2m[           main][0;39m [36mc.b.l.R.MyApplicationRunner             [0;39m [2m:[0;39m Jobä¸ŽTriggerå·²å­˜åœ¨ä¸æ–°å¢ž
[2m2020-11-30 17:12:43.433[0;39m [32m INFO[0;39m [35m17252[0;39m [2m---[0;39m [2m[teredScheduler]][0;39m [36mo.q.c.QuartzScheduler                   [0;39m [2m:[0;39m Scheduler clusteredScheduler_$_NON_CLUSTERED started.
[2m2020-11-30 17:13:16.907[0;39m [32m INFO[0;39m [35m17252[0;39m [2m---[0;39m [2m[nio-8888-exec-1][0;39m [36mo.a.c.c.C.[.[.[/]                       [0;39m [2m:[0;39m Initializing Spring DispatcherServlet 'dispatcherServlet'
[2m2020-11-30 17:13:16.946[0;39m [32m INFO[0;39m [35m17252[0;39m [2m---[0;39m [2m[nio-8888-exec-1][0;39m [36mc.b.l.f.JWTAuthenticationTokenFilter    [0;39m [2m:[0;39m å¼€å§‹è®¤è¯JWT_TOKENï¼ŒtokenHeaderAuthorization,tokenHead:Bearer
[2m2020-11-30 17:13:16.948[0;39m [32m INFO[0;39m [35m17252[0;39m [2m---[0;39m [2m[nio-8888-exec-1][0;39m [36myInvocationSecurityMetadataSourceService[0;39m [2m:[0;39m è¿›å…¥è‡ªå®šä¹‰MyInvocationSecurityMetadataSourceService
[2m2020-11-30 17:13:16.948[0;39m [32m INFO[0;39m [35m17252[0;39m [2m---[0;39m [2m[nio-8888-exec-1][0;39m [36myInvocationSecurityMetadataSourceService[0;39m [2m:[0;39m è¯·æ±‚ uri ï¼š/location/getAllUsers
[2m2020-11-30 17:13:16.966[0;39m [32mDEBUG[0;39m [35m17252[0;39m [2m---[0;39m [2m[nio-8888-exec-1][0;39m [36mc.b.l.d.R.getRoleByResource             [0;39m [2m:[0;39m ==>  Preparing: select distinct b.id,b.name,b.nameZh from role_resource a inner join role b on a.role_id = b.id where a.resource_uri = ? 
[2m2020-11-30 17:13:16.978[0;39m [32mDEBUG[0;39m [35m17252[0;39m [2m---[0;39m [2m[nio-8888-exec-1][0;39m [36mc.b.l.d.R.getRoleByResource             [0;39m [2m:[0;39m ==> Parameters: /location/getAllUsers(String)
[2m2020-11-30 17:13:17.055[0;39m [32mDEBUG[0;39m [35m17252[0;39m [2m---[0;39m [2m[nio-8888-exec-1][0;39m [36mc.b.l.d.R.getRoleByResource             [0;39m [2m:[0;39m <==      Total: 1
[2m2020-11-30 17:13:17.056[0;39m [32m INFO[0;39m [35m17252[0;39m [2m---[0;39m [2m[nio-8888-exec-1][0;39m [36mc.b.l.A.MyAccessDecisionManager         [0;39m [2m:[0;39m è¿›å…¥è‡ªå®šä¹‰MyAccessDecisionManager
[2m2020-11-30 17:13:17.056[0;39m [32m INFO[0;39m [35m17252[0;39m [2m---[0;39m [2m[nio-8888-exec-1][0;39m [36mc.b.l.A.MyAccessDecisionManager         [0;39m [2m:[0;39m æ— è®¿é—®æƒé™
[2m2020-11-30 17:13:17.060[0;39m [31mERROR[0;39m [35m17252[0;39m [2m---[0;39m [2m[nio-8888-exec-1][0;39m [36mc.b.l.h.JwtAuthenticationEntryPoint     [0;39m [2m:[0;39m è®¤è¯å¤±è´¥ï¼šFull authentication is required to access this resource
[2m2020-11-30 17:13:17.175[0;39m [32m INFO[0;39m [35m17252[0;39m [2m---[0;39m [2m[nio-8888-exec-2][0;39m [36mc.b.l.f.JWTAuthenticationTokenFilter    [0;39m [2m:[0;39m å¼€å§‹è®¤è¯JWT_TOKENï¼ŒtokenHeaderAuthorization,tokenHead:Bearer
[2m2020-11-30 17:13:17.176[0;39m [32m INFO[0;39m [35m17252[0;39m [2m---[0;39m [2m[nio-8888-exec-2][0;39m [36myInvocationSecurityMetadataSourceService[0;39m [2m:[0;39m è¿›å…¥è‡ªå®šä¹‰MyInvocationSecurityMetadataSourceService
[2m2020-11-30 17:13:17.176[0;39m [32m INFO[0;39m [35m17252[0;39m [2m---[0;39m [2m[nio-8888-exec-2][0;39m [36myInvocationSecurityMetadataSourceService[0;39m [2m:[0;39m è¯·æ±‚ uri ï¼š/favicon.ico
[2m2020-11-30 17:13:17.176[0;39m [32mDEBUG[0;39m [35m17252[0;39m [2m---[0;39m [2m[nio-8888-exec-2][0;39m [36mc.b.l.d.R.getRoleByResource             [0;39m [2m:[0;39m ==>  Preparing: select distinct b.id,b.name,b.nameZh from role_resource a inner join role b on a.role_id = b.id where a.resource_uri = ? 
[2m2020-11-30 17:13:17.177[0;39m [32mDEBUG[0;39m [35m17252[0;39m [2m---[0;39m [2m[nio-8888-exec-2][0;39m [36mc.b.l.d.R.getRoleByResource             [0;39m [2m:[0;39m ==> Parameters: /favicon.ico(String)
[2m2020-11-30 17:13:17.179[0;39m [32mDEBUG[0;39m [35m17252[0;39m [2m---[0;39m [2m[nio-8888-exec-2][0;39m [36mc.b.l.d.R.getRoleByResource             [0;39m [2m:[0;39m <==      Total: 0
